nohup: ignoring input
[INFO] Scanning for projects...
[INFO] 
[INFO] ----------------< com.recruitment:recruitment-backend >-----------------
[INFO] Building recruitment-backend 0.0.1-SNAPSHOT
[INFO]   from pom.xml
[INFO] --------------------------------[ jar ]---------------------------------
[INFO] 
[INFO] >>> spring-boot:3.5.6:run (default-cli) > test-compile @ recruitment-backend >>>
[INFO] 
[INFO] --- resources:3.3.1:resources (default-resources) @ recruitment-backend ---
[INFO] Copying 1 resource from src/main/resources to target/classes
[INFO] Copying 0 resource from src/main/resources to target/classes
[INFO] 
[INFO] --- compiler:3.14.0:compile (default-compile) @ recruitment-backend ---
[INFO] Nothing to compile - all classes are up to date.
[INFO] 
[INFO] --- resources:3.3.1:testResources (default-testResources) @ recruitment-backend ---
[INFO] skip non existing resourceDirectory /home/lephuchai/LapTrinhNangcao/recruitment-management-system/backend/src/test/resources
[INFO] 
[INFO] --- compiler:3.14.0:testCompile (default-testCompile) @ recruitment-backend ---
[INFO] Nothing to compile - all classes are up to date.
[INFO] 
[INFO] <<< spring-boot:3.5.6:run (default-cli) < test-compile @ recruitment-backend <<<
[INFO] 
[INFO] 
[INFO] --- spring-boot:3.5.6:run (default-cli) @ recruitment-backend ---
[INFO] Attaching agents: []

  .   ____          _            __ _ _
 /\\ / ___'_ __ _ _(_)_ __  __ _ \ \ \ \
( ( )\___ | '_ | '_| | '_ \/ _` | \ \ \ \
 \\/  ___)| |_)| | | | | || (_| |  ) ) ) )
  '  |____| .__|_| |_|_| |_\__, | / / / /
 =========|_|==============|___/=/_/_/_/

 :: Spring Boot ::                (v3.5.6)

2025-10-28T08:59:34.212Z  INFO 19843 --- [recruitment-backend] [  restartedMain] c.r.r.RecruitmentBackendApplication      : Starting RecruitmentBackendApplication using Java 21.0.8 with PID 19843 (/home/lephuchai/LapTrinhNangcao/recruitment-management-system/backend/target/classes started by lephuchai in /home/lephuchai/LapTrinhNangcao/recruitment-management-system/backend)
2025-10-28T08:59:34.215Z  INFO 19843 --- [recruitment-backend] [  restartedMain] c.r.r.RecruitmentBackendApplication      : No active profile set, falling back to 1 default profile: "default"
2025-10-28T08:59:34.270Z  INFO 19843 --- [recruitment-backend] [  restartedMain] .e.DevToolsPropertyDefaultsPostProcessor : Devtools property defaults active! Set 'spring.devtools.add-properties' to 'false' to disable
2025-10-28T08:59:34.271Z  INFO 19843 --- [recruitment-backend] [  restartedMain] .e.DevToolsPropertyDefaultsPostProcessor : For additional web related logging consider setting the 'logging.level.web' property to 'DEBUG'
2025-10-28T08:59:35.037Z  INFO 19843 --- [recruitment-backend] [  restartedMain] .s.d.r.c.RepositoryConfigurationDelegate : Bootstrapping Spring Data JPA repositories in DEFAULT mode.
2025-10-28T08:59:35.059Z  INFO 19843 --- [recruitment-backend] [  restartedMain] .s.d.r.c.RepositoryConfigurationDelegate : Finished Spring Data repository scanning in 12 ms. Found 0 JPA repository interfaces.
2025-10-28T08:59:35.712Z  INFO 19843 --- [recruitment-backend] [  restartedMain] o.s.b.w.embedded.tomcat.TomcatWebServer  : Tomcat initialized with port 8080 (http)
2025-10-28T08:59:35.728Z  INFO 19843 --- [recruitment-backend] [  restartedMain] o.apache.catalina.core.StandardService   : Starting service [Tomcat]
2025-10-28T08:59:35.728Z  INFO 19843 --- [recruitment-backend] [  restartedMain] o.apache.catalina.core.StandardEngine    : Starting Servlet engine: [Apache Tomcat/10.1.46]
2025-10-28T08:59:35.765Z  INFO 19843 --- [recruitment-backend] [  restartedMain] o.a.c.c.C.[Tomcat].[localhost].[/]       : Initializing Spring embedded WebApplicationContext
2025-10-28T08:59:35.766Z  INFO 19843 --- [recruitment-backend] [  restartedMain] w.s.c.ServletWebServerApplicationContext : Root WebApplicationContext: initialization completed in 1495 ms
2025-10-28T08:59:35.851Z  WARN 19843 --- [recruitment-backend] [  restartedMain] ConfigServletWebServerApplicationContext : Exception encountered during context initialization - cancelling refresh attempt: org.springframework.beans.factory.BeanCreationException: Error creating bean with name 'entityManagerFactory' defined in class path resource [org/springframework/boot/autoconfigure/orm/jpa/HibernateJpaConfiguration.class]: Failed to initialize dependency 'dataSourceScriptDatabaseInitializer' of LoadTimeWeaverAware bean 'entityManagerFactory': Error creating bean with name 'dataSourceScriptDatabaseInitializer' defined in class path resource [org/springframework/boot/autoconfigure/sql/init/DataSourceInitializationConfiguration.class]: Unsatisfied dependency expressed through method 'dataSourceScriptDatabaseInitializer' parameter 0: Error creating bean with name 'dataSource' defined in class path resource [org/springframework/boot/autoconfigure/jdbc/DataSourceConfiguration$Hikari.class]: Failed to instantiate [com.zaxxer.hikari.HikariDataSource]: Factory method 'dataSource' threw exception with message: Failed to determine a suitable driver class
2025-10-28T08:59:35.853Z  INFO 19843 --- [recruitment-backend] [  restartedMain] o.apache.catalina.core.StandardService   : Stopping service [Tomcat]
2025-10-28T08:59:35.913Z  INFO 19843 --- [recruitment-backend] [  restartedMain] .s.b.a.l.ConditionEvaluationReportLogger : 

Error starting ApplicationContext. To display the condition evaluation report re-run your application with 'debug' enabled.
2025-10-28T08:59:35.942Z ERROR 19843 --- [recruitment-backend] [  restartedMain] o.s.b.d.LoggingFailureAnalysisReporter   : 

***************************
APPLICATION FAILED TO START
***************************

Description:

Failed to configure a DataSource: 'url' attribute is not specified and no embedded datasource could be configured.

Reason: Failed to determine a suitable driver class


Action:

Consider the following:
	If you want an embedded database (H2, HSQL or Derby), please put it on the classpath.
	If you have database settings to be loaded from a particular profile you may need to activate it (no profiles are currently active).

[INFO] ------------------------------------------------------------------------
[INFO] BUILD SUCCESS
[INFO] ------------------------------------------------------------------------
[INFO] Total time:  4.227 s
[INFO] Finished at: 2025-10-28T08:59:35Z
[INFO] ------------------------------------------------------------------------
